<?xml version="1.0" encoding="UTF-8"?>
<!-- Generated by org.testng.reporters.JUnitXMLReporter -->
<testsuite hostname="DESKTOP-T73090F" name="Naveen Automation Lab" tests="5" failures="0" timestamp="3 Oct 2023 11:57:52 GMT" time="22.609" errors="0">
  <testcase name="loginPageTitleTest" time="0.053" classname="com.ecommerce.qa.testcases.LoginPageTest"/>
  <testcase name="AppLogoImageTest" time="0.078" classname="com.ecommerce.qa.testcases.LoginPageTest"/>
  <testcase name="loginTest" time="0.796" classname="com.ecommerce.qa.testcases.LoginPageTest"/>
  <testcase name="verifyMyAccountPageTitle" time="0.015" classname="com.ecommerce.qa.testcases.MyAccountPageTest"/>
  <testcase name="verifyDeskTopLinkTest" time="0.075" classname="com.ecommerce.qa.testcases.MyAccountPageTest"/>
</testsuite> <!-- Naveen Automation Lab -->
