<?xml version="1.0" encoding="UTF-8"?>
<!-- Generated by org.testng.reporters.JUnitXMLReporter -->
<testsuite hostname="DESKTOP-T73090F" name="Default test" tests="3" failures="0" timestamp="3 Oct 2023 06:49:23 GMT" time="20.504" errors="0">
  <testcase name="loginPageTitleTest" time="0.022" classname="com.ecommerce.qa.testcases.LoginPageTest"/>
  <testcase name="AppLogoImageTest" time="0.082" classname="com.ecommerce.qa.testcases.LoginPageTest"/>
  <testcase name="loginTest" time="1.318" classname="com.ecommerce.qa.testcases.LoginPageTest"/>
</testsuite> <!-- Default test -->
